<?xml version="1.0" encoding="UTF-8"?>
<!-- Generated by org.testng.reporters.JUnitXMLReporter -->
<testsuite ignored="0" hostname="DESKTOP-81ARGGN" failures="0" tests="6" name="Login Test" time="4.434" errors="0" timestamp="2021-08-14T17:27:14 IST">
  <testcase classname="com.sg.base.WebDriverWrapper" name="@BeforeMethod setUp" time="3.494">
    <failure type="org.openqa.selenium.WebDriverException" message="unknown error: cannot determine loading status
from disconnected: unable to send message to renderer
  (Session info: chrome=92.0.4515.131)
Build info: version: &amp;apos;3.141.59&amp;apos;, revision: &amp;apos;e82be7d358&amp;apos;, time: &amp;apos;2018-11-14T08:17:03&amp;apos;
System info: host: &amp;apos;DESKTOP-81ARGGN&amp;apos;, ip: &amp;apos;192.168.1.5&amp;apos;, os.name: &amp;apos;Windows 10&amp;apos;, os.arch: &amp;apos;amd64&amp;apos;, os.version: &amp;apos;10.0&amp;apos;, java.version: &amp;apos;15.0.2&amp;apos;
Driver info: org.openqa.selenium.chrome.ChromeDriver
Capabilities {acceptInsecureCerts: false, browserName: chrome, browserVersion: 92.0.4515.131, chrome: {chromedriverVersion: 92.0.4515.107 (87a818b10553..., userDataDir: C:\Users\JiDi\AppData\Local...}, goog:chromeOptions: {debuggerAddress: localhost:50995}, javascriptEnabled: true, networkConnectionEnabled: false, pageLoadStrategy: normal, platform: WINDOWS, platformName: WINDOWS, proxy: Proxy(), setWindowRect: true, strictFileInteractability: false, timeouts: {implicit: 0, pageLoad: 300000, script: 30000}, unhandledPromptBehavior: dismiss and notify, webauthn:extension:credBlob: true, webauthn:extension:largeBlob: true, webauthn:virtualAuthenticators: true}
Session ID: d206991ab2b5dc3d19cb3b5ae58d4c50">
      <![CDATA[org.openqa.selenium.WebDriverException: unknown error: cannot determine loading status
from disconnected: unable to send message to renderer
  (Session info: chrome=92.0.4515.131)
Build info: version: '3.141.59', revision: 'e82be7d358', time: '2018-11-14T08:17:03'
System info: host: 'DESKTOP-81ARGGN', ip: '192.168.1.5', os.name: 'Windows 10', os.arch: 'amd64', os.version: '10.0', java.version: '15.0.2'
Driver info: org.openqa.selenium.chrome.ChromeDriver
Capabilities {acceptInsecureCerts: false, browserName: chrome, browserVersion: 92.0.4515.131, chrome: {chromedriverVersion: 92.0.4515.107 (87a818b10553..., userDataDir: C:\Users\JiDi\AppData\Local...}, goog:chromeOptions: {debuggerAddress: localhost:50995}, javascriptEnabled: true, networkConnectionEnabled: false, pageLoadStrategy: normal, platform: WINDOWS, platformName: WINDOWS, proxy: Proxy(), setWindowRect: true, strictFileInteractability: false, timeouts: {implicit: 0, pageLoad: 300000, script: 30000}, unhandledPromptBehavior: dismiss and notify, webauthn:extension:credBlob: true, webauthn:extension:largeBlob: true, webauthn:virtualAuthenticators: true}
Session ID: d206991ab2b5dc3d19cb3b5ae58d4c50
at org.openqa.selenium.remote.http.W3CHttpResponseCodec.createException(W3CHttpResponseCodec.java:187)
at org.openqa.selenium.remote.http.W3CHttpResponseCodec.decode(W3CHttpResponseCodec.java:122)
at org.openqa.selenium.remote.http.W3CHttpResponseCodec.decode(W3CHttpResponseCodec.java:49)
at org.openqa.selenium.remote.HttpCommandExecutor.execute(HttpCommandExecutor.java:158)
at org.openqa.selenium.remote.service.DriverCommandExecutor.execute(DriverCommandExecutor.java:83)
at org.openqa.selenium.remote.RemoteWebDriver.execute(RemoteWebDriver.java:552)
at org.openqa.selenium.remote.RemoteWebDriver.get(RemoteWebDriver.java:277)
at com.sg.base.WebDriverWrapper.setUp(WebDriverWrapper.java:35)
at java.base/java.util.ArrayList.forEach(ArrayList.java:1511)
... Removed 36 stack frames]]>
    </failure>
  </testcase> <!-- @BeforeMethod setUp -->
  <testcase classname="com.sg.base.WebDriverWrapper" name="@AfterMethod tearDown" time="-1.628942233921E9">
    <skipped/>
  </testcase> <!-- @AfterMethod tearDown -->
  <testcase classname="com.sg.base.WebDriverWrapper" name="@BeforeMethod setUp" time="-1.628942233928E9">
    <skipped/>
  </testcase> <!-- @BeforeMethod setUp -->
  <testcase classname="com.sg.base.WebDriverWrapper" name="@AfterMethod tearDown" time="-1.628942233943E9">
    <skipped/>
  </testcase> <!-- @AfterMethod tearDown -->
  <testcase classname="com.sg.base.WebDriverWrapper" name="@BeforeMethod setUp" time="-1.628942233945E9">
    <skipped/>
  </testcase> <!-- @BeforeMethod setUp -->
  <testcase classname="com.sg.base.WebDriverWrapper" name="@AfterMethod tearDown" time="-1.628942233957E9">
    <skipped/>
  </testcase> <!-- @AfterMethod tearDown -->
  <testcase classname="com.sg.base.WebDriverWrapper" name="@BeforeMethod setUp" time="-1.628942233974E9">
    <skipped/>
  </testcase> <!-- @BeforeMethod setUp -->
  <testcase classname="com.sg.base.WebDriverWrapper" name="@AfterMethod tearDown" time="-1.628942234003E9">
    <skipped/>
  </testcase> <!-- @AfterMethod tearDown -->
  <testcase classname="com.sg.base.WebDriverWrapper" name="@BeforeMethod setUp" time="-1.628942234013E9">
    <skipped/>
  </testcase> <!-- @BeforeMethod setUp -->
  <testcase classname="com.sg.base.WebDriverWrapper" name="@AfterMethod tearDown" time="-1.628942234032E9">
    <skipped/>
  </testcase> <!-- @AfterMethod tearDown -->
  <testcase classname="com.sg.base.WebDriverWrapper" name="@BeforeMethod setUp" time="-1.628942234034E9">
    <skipped/>
  </testcase> <!-- @BeforeMethod setUp -->
  <testcase classname="com.sg.base.WebDriverWrapper" name="@AfterMethod tearDown" time="-1.628942234045E9">
    <skipped/>
  </testcase> <!-- @AfterMethod tearDown -->
  <testcase classname="com.sg.test.LoginTest" name="invalidCredentialTest" time="0.001">
    <skipped/>
  </testcase> <!-- invalidCredentialTest -->
  <testcase classname="com.sg.test.LoginTest" name="invalidCredentialTest" time="0.0">
    <skipped/>
  </testcase> <!-- invalidCredentialTest -->
  <testcase classname="com.sg.test.LoginTest" name="invalidCredentialTest" time="0.0">
    <skipped/>
  </testcase> <!-- invalidCredentialTest -->
  <testcase classname="com.sg.test.LoginTest" name="validCredentialTest" time="0.0">
    <skipped/>
  </testcase> <!-- validCredentialTest -->
  <testcase classname="com.sg.test.LoginTest" name="validCredentialTest" time="0.0">
    <skipped/>
  </testcase> <!-- validCredentialTest -->
  <testcase classname="com.sg.test.LoginTest" name="validCredentialTest" time="0.0">
    <skipped/>
  </testcase> <!-- validCredentialTest -->
</testsuite> <!-- Login Test -->
